Connecting to database specified by database.yml
Compiled jquery.js  (2ms)  (pid 5145)
Compiled jquery_ujs.js  (0ms)  (pid 5145)
Compiled twitter/bootstrap/bootstrap-transition.js  (0ms)  (pid 5145)
Compiled twitter/bootstrap/bootstrap-alert.js  (0ms)  (pid 5145)
Compiled twitter/bootstrap/bootstrap-modal.js  (0ms)  (pid 5145)
Compiled twitter/bootstrap/bootstrap-dropdown.js  (0ms)  (pid 5145)
Compiled twitter/bootstrap/bootstrap-scrollspy.js  (0ms)  (pid 5145)
Compiled twitter/bootstrap/bootstrap-tab.js  (0ms)  (pid 5145)
Compiled twitter/bootstrap/bootstrap-tooltip.js  (0ms)  (pid 5145)
Compiled twitter/bootstrap/bootstrap-popover.js  (0ms)  (pid 5145)
Compiled twitter/bootstrap/bootstrap-button.js  (0ms)  (pid 5145)
Compiled twitter/bootstrap/bootstrap-collapse.js  (0ms)  (pid 5145)
Compiled twitter/bootstrap/bootstrap-carousel.js  (0ms)  (pid 5145)
Compiled twitter/bootstrap/bootstrap-typeahead.js  (0ms)  (pid 5145)
Compiled twitter/bootstrap/bootstrap-affix.js  (0ms)  (pid 5145)
Compiled twitter/bootstrap.js  (61ms)  (pid 5145)
Compiled bootstrap.js  (37ms)  (pid 5145)
Compiled welcome.js  (1ms)  (pid 5145)
Compiled welcomes.js  (0ms)  (pid 5145)
Compiled application.js  (124ms)  (pid 5145)
Compiled twitter-bootstrap-static/bootstrap.css  (31ms)  (pid 5145)
Compiled twitter-bootstrap-static/fontawesome.css  (39ms)  (pid 5145)
Compiled bootstrap_and_overrides.css  (78ms)  (pid 5145)
Compiled bootstrap_and_overrides.css  (523ms)  (pid 5145)
Warning. Error encountered while saving cache /Users/nigel/development/ndts/tmp/cache/sass/ededb02a1502ca6558e9b76ff98d0c49f30862ec/scaffolds.css.scssc: can't dump anonymous class #<Class:0x007fc062b93820>

Compiled scaffolds.css  (7ms)  (pid 5145)
Warning. Error encountered while saving cache /Users/nigel/development/ndts/tmp/cache/sass/ededb02a1502ca6558e9b76ff98d0c49f30862ec/welcomes.css.scssc: can't dump anonymous class #<Class:0x007fc062b93820>

Compiled welcomes.css  (16ms)  (pid 5145)
Compiled application.css  (635ms)  (pid 5145)
Connecting to database specified by database.yml
Compiled jquery.js  (2ms)  (pid 5145)
Compiled jquery_ujs.js  (0ms)  (pid 5145)
Compiled twitter/bootstrap/bootstrap-transition.js  (0ms)  (pid 5145)
Compiled twitter/bootstrap/bootstrap-alert.js  (0ms)  (pid 5145)
Compiled twitter/bootstrap/bootstrap-modal.js  (0ms)  (pid 5145)
Compiled twitter/bootstrap/bootstrap-dropdown.js  (0ms)  (pid 5145)
Compiled twitter/bootstrap/bootstrap-scrollspy.js  (0ms)  (pid 5145)
Compiled twitter/bootstrap/bootstrap-tab.js  (0ms)  (pid 5145)
Compiled twitter/bootstrap/bootstrap-tooltip.js  (0ms)  (pid 5145)
Compiled twitter/bootstrap/bootstrap-popover.js  (0ms)  (pid 5145)
Compiled twitter/bootstrap/bootstrap-button.js  (0ms)  (pid 5145)
Compiled twitter/bootstrap/bootstrap-collapse.js  (0ms)  (pid 5145)
Compiled twitter/bootstrap/bootstrap-carousel.js  (0ms)  (pid 5145)
Compiled twitter/bootstrap/bootstrap-typeahead.js  (0ms)  (pid 5145)
Compiled twitter/bootstrap/bootstrap-affix.js  (0ms)  (pid 5145)
Compiled twitter/bootstrap.js  (52ms)  (pid 5145)
Compiled bootstrap.js  (36ms)  (pid 5145)
Compiled welcome.js  (0ms)  (pid 5145)
Compiled welcomes.js  (0ms)  (pid 5145)
Compiled application.js  (110ms)  (pid 5145)
Compiled twitter-bootstrap-static/bootstrap.css  (32ms)  (pid 5145)
Compiled twitter-bootstrap-static/fontawesome.css  (16ms)  (pid 5145)
Compiled bootstrap_and_overrides.css  (57ms)  (pid 5145)
Compiled bootstrap_and_overrides.css  (498ms)  (pid 5145)
Warning. Error encountered while saving cache /Users/nigel/development/ndts/tmp/cache/sass/ededb02a1502ca6558e9b76ff98d0c49f30862ec/scaffolds.css.scssc: can't dump anonymous class #<Class:0x007fcaebd5fb70>

Compiled scaffolds.css  (7ms)  (pid 5145)
Warning. Error encountered while saving cache /Users/nigel/development/ndts/tmp/cache/sass/ededb02a1502ca6558e9b76ff98d0c49f30862ec/welcomes.css.scssc: can't dump anonymous class #<Class:0x007fcaebd5fb70>

Compiled welcomes.css  (15ms)  (pid 5145)
Compiled application.css  (587ms)  (pid 5145)
